2013-06-09 22:48:20 Error: [MissingControllerException] Controller class PhpmyadminController could not be found.
Exception Attributes: array (
  'class' => 'PhpmyadminController',
  'plugin' => NULL,
)
Request URL: /phpmyadmin/
Stack Trace:
#0 /var/www/my_app/app/webroot/index.php(109): Dispatcher->dispatch(Object(CakeRequest), Object(CakeResponse))
#1 {main}
2013-06-09 23:15:33 Error: [MissingControllerException] Controller class MyAppController could not be found.
Exception Attributes: array (
  'class' => 'MyAppController',
  'plugin' => NULL,
)
Request URL: /my_app/
Stack Trace:
#0 /var/www/my_app/app/webroot/index.php(109): Dispatcher->dispatch(Object(CakeRequest), Object(CakeResponse))
#1 {main}
2013-06-09 23:15:49 Error: [MissingControllerException] Controller class PhpmyadminController could not be found.
Exception Attributes: array (
  'class' => 'PhpmyadminController',
  'plugin' => NULL,
)
Request URL: /phpmyadmin/js/update-location.js?ts=1370771383
Stack Trace:
#0 /var/www/my_app/app/webroot/index.php(109): Dispatcher->dispatch(Object(CakeRequest), Object(CakeResponse))
#1 {main}
2013-06-09 23:15:49 Error: [MissingControllerException] Controller class PhpmyadminController could not be found.
Exception Attributes: array (
  'class' => 'PhpmyadminController',
  'plugin' => NULL,
)
Request URL: /phpmyadmin/js/functions.js?ts=1370771383
Stack Trace:
#0 /var/www/my_app/app/webroot/index.php(109): Dispatcher->dispatch(Object(CakeRequest), Object(CakeResponse))
#1 {main}
2013-06-09 23:15:50 Error: [MissingControllerException] Controller class PhpmyadminController could not be found.
Exception Attributes: array (
  'class' => 'PhpmyadminController',
  'plugin' => NULL,
)
Request URL: /phpmyadmin/js/jquery/jquery.qtip-1.0.0.min.js?ts=1370771384
Stack Trace:
#0 /var/www/my_app/app/webroot/index.php(109): Dispatcher->dispatch(Object(CakeRequest), Object(CakeResponse))
#1 {main}
2013-06-09 23:15:50 Error: [MissingControllerException] Controller class PhpmyadminController could not be found.
Exception Attributes: array (
  'class' => 'PhpmyadminController',
  'plugin' => NULL,
)
Request URL: /phpmyadmin/js/cross_framing_protection.js?ts=1370771383
Stack Trace:
#0 /var/www/my_app/app/webroot/index.php(109): Dispatcher->dispatch(Object(CakeRequest), Object(CakeResponse))
#1 {main}
2013-06-09 23:15:50 Error: [MissingControllerException] Controller class PhpmyadminController could not be found.
Exception Attributes: array (
  'class' => 'PhpmyadminController',
  'plugin' => NULL,
)
Request URL: /phpmyadmin/js/jquery/jquery-1.4.4.js?ts=1370771383
Stack Trace:
#0 /var/www/my_app/app/webroot/index.php(109): Dispatcher->dispatch(Object(CakeRequest), Object(CakeResponse))
#1 {main}
2013-06-09 23:15:50 Error: [MissingControllerException] Controller class PhpmyadminController could not be found.
Exception Attributes: array (
  'class' => 'PhpmyadminController',
  'plugin' => NULL,
)
Request URL: /phpmyadmin/js/update-location.js?ts=1370771383
Stack Trace:
#0 /var/www/my_app/app/webroot/index.php(109): Dispatcher->dispatch(Object(CakeRequest), Object(CakeResponse))
#1 {main}
2013-06-09 23:15:50 Error: [MissingControllerException] Controller class PhpmyadminController could not be found.
Exception Attributes: array (
  'class' => 'PhpmyadminController',
  'plugin' => NULL,
)
Request URL: /phpmyadmin/js/functions.js?ts=1370771383
Stack Trace:
#0 /var/www/my_app/app/webroot/index.php(109): Dispatcher->dispatch(Object(CakeRequest), Object(CakeResponse))
#1 {main}
2013-06-09 23:15:50 Error: [MissingControllerException] Controller class PhpmyadminController could not be found.
Exception Attributes: array (
  'class' => 'PhpmyadminController',
  'plugin' => NULL,
)
Request URL: /phpmyadmin/js/jquery/jquery.qtip-1.0.0.min.js?ts=1370771384
Stack Trace:
#0 /var/www/my_app/app/webroot/index.php(109): Dispatcher->dispatch(Object(CakeRequest), Object(CakeResponse))
#1 {main}
2013-06-09 23:16:00 Error: [MissingControllerException] Controller class PhpmyadminController could not be found.
Exception Attributes: array (
  'class' => 'PhpmyadminController',
  'plugin' => NULL,
)
Request URL: /phpmyadmin/index.php
Stack Trace:
#0 /var/www/my_app/app/webroot/index.php(109): Dispatcher->dispatch(Object(CakeRequest), Object(CakeResponse))
#1 {main}
2013-06-09 23:16:15 Error: [MissingControllerException] Controller class PhpmyadminController could not be found.
Exception Attributes: array (
  'class' => 'PhpmyadminController',
  'plugin' => NULL,
)
Request URL: /phpmyadmin/index.php
Stack Trace:
#0 /var/www/my_app/app/webroot/index.php(109): Dispatcher->dispatch(Object(CakeRequest), Object(CakeResponse))
#1 {main}
2013-06-16 17:02:02 Error: [MissingControllerException] Controller class Sobre-o-eventoController could not be found.
Exception Attributes: array (
  'class' => 'Sobre-o-eventoController',
  'plugin' => NULL,
)
Request URL: /sobre-o-evento
Stack Trace:
#0 /var/www/my_app/app/webroot/index.php(109): Dispatcher->dispatch(Object(CakeRequest), Object(CakeResponse))
#1 {main}
2013-06-16 17:02:37 Error: [MissingControllerException] Controller class Sobre-o-eventoController could not be found.
Exception Attributes: array (
  'class' => 'Sobre-o-eventoController',
  'plugin' => NULL,
)
Request URL: /sobre-o-evento
Stack Trace:
#0 /var/www/my_app/app/webroot/index.php(109): Dispatcher->dispatch(Object(CakeRequest), Object(CakeResponse))
#1 {main}
2013-06-16 17:02:38 Error: [MissingControllerException] Controller class Sobre-o-eventoController could not be found.
Exception Attributes: array (
  'class' => 'Sobre-o-eventoController',
  'plugin' => NULL,
)
Request URL: /sobre-o-evento
Stack Trace:
#0 /var/www/my_app/app/webroot/index.php(109): Dispatcher->dispatch(Object(CakeRequest), Object(CakeResponse))
#1 {main}
2013-06-16 17:03:30 Error: [MissingControllerException] Controller class Sobre-o-eventoController could not be found.
Exception Attributes: array (
  'class' => 'Sobre-o-eventoController',
  'plugin' => NULL,
)
Request URL: /sobre-o-evento
Stack Trace:
#0 /var/www/my_app/app/webroot/index.php(109): Dispatcher->dispatch(Object(CakeRequest), Object(CakeResponse))
#1 {main}
2013-06-16 17:03:32 Error: [MissingControllerException] Controller class SobreController could not be found.
Exception Attributes: array (
  'class' => 'SobreController',
  'plugin' => NULL,
)
Request URL: /sobre
Stack Trace:
#0 /var/www/my_app/app/webroot/index.php(109): Dispatcher->dispatch(Object(CakeRequest), Object(CakeResponse))
#1 {main}
2013-06-16 17:04:05 Error: [MissingControllerException] Controller class Sobre-o-eventoController could not be found.
Exception Attributes: array (
  'class' => 'Sobre-o-eventoController',
  'plugin' => NULL,
)
Request URL: /sobre-o-evento
Stack Trace:
#0 /var/www/my_app/app/webroot/index.php(109): Dispatcher->dispatch(Object(CakeRequest), Object(CakeResponse))
#1 {main}
2013-06-16 17:04:37 Error: [MissingControllerException] Controller class Sobre-o-eventoController could not be found.
Exception Attributes: array (
  'class' => 'Sobre-o-eventoController',
  'plugin' => NULL,
)
Request URL: /sobre-o-evento
Stack Trace:
#0 /var/www/my_app/app/webroot/index.php(109): Dispatcher->dispatch(Object(CakeRequest), Object(CakeResponse))
#1 {main}
2013-06-16 17:05:07 Error: [MissingControllerException] Controller class SobreController could not be found.
Exception Attributes: array (
  'class' => 'SobreController',
  'plugin' => NULL,
)
Request URL: /sobre
Stack Trace:
#0 /var/www/my_app/app/webroot/index.php(109): Dispatcher->dispatch(Object(CakeRequest), Object(CakeResponse))
#1 {main}
2013-06-16 17:07:34 Error: [MissingViewException] View file "/var/www/my_app/app/View/Pages/sobre-o-evento.ctp" is missing.
Exception Attributes: array (
  'file' => '/var/www/my_app/app/View/Pages/sobre-o-evento.ctp',
)
Request URL: /pages/sobre-o-evento
Stack Trace:
#0 /var/www/my_app/lib/Cake/View/View.php(468): View->_getViewFileName('sobre-o-evento')
#1 /var/www/my_app/lib/Cake/Controller/Controller.php(948): View->render('sobre-o-evento', NULL)
#2 /var/www/my_app/app/Controller/PagesController.php(73): Controller->render('sobre-o-evento')
#3 [internal function]: PagesController->display('sobre-o-evento')
#4 /var/www/my_app/lib/Cake/Controller/Controller.php(486): ReflectionMethod->invokeArgs(Object(PagesController), Array)
#5 /var/www/my_app/lib/Cake/Routing/Dispatcher.php(187): Controller->invokeAction(Object(CakeRequest))
#6 /var/www/my_app/lib/Cake/Routing/Dispatcher.php(162): Dispatcher->_invoke(Object(PagesController), Object(CakeRequest), Object(CakeResponse))
#7 /var/www/my_app/app/webroot/index.php(109): Dispatcher->dispatch(Object(CakeRequest), Object(CakeResponse))
#8 {main}
2013-06-16 17:44:04 Error: Fatal Error (4): syntax error, unexpected T_VARIABLE, expecting ',' or ';' in [/var/www/my_app/app/View/Layouts/default.ctp, line 5]
2013-06-16 17:44:04 Error: [FatalErrorException] syntax error, unexpected T_VARIABLE, expecting ',' or ';'
Request URL: /
Stack Trace:
#0 /var/www/my_app/lib/Cake/Error/ErrorHandler.php(184): ErrorHandler::handleFatalError(4, 'syntax error, u...', '/var/www/my_app...', 5)
#1 [internal function]: ErrorHandler::handleError(4, 'syntax error, u...', '/var/www/my_app...', 5, Array)
#2 /var/www/my_app/lib/Cake/Core/App.php(926): call_user_func('ErrorHandler::h...', 4, 'syntax error, u...', '/var/www/my_app...', 5, Array)
#3 /var/www/my_app/lib/Cake/Core/App.php(899): App::_checkFatalError()
#4 [internal function]: App::shutdown()
#5 {main}
2013-06-17 09:36:34 Error: [MissingViewException] View file "/var/www/my_app/app/View/Pages/evento.ctp" is missing.
Exception Attributes: array (
  'file' => '/var/www/my_app/app/View/Pages/evento.ctp',
)
Request URL: /evento
Stack Trace:
#0 /var/www/my_app/lib/Cake/View/View.php(468): View->_getViewFileName('evento')
#1 /var/www/my_app/lib/Cake/Controller/Controller.php(948): View->render('evento', NULL)
#2 /var/www/my_app/app/Controller/PagesController.php(73): Controller->render('evento')
#3 [internal function]: PagesController->display('evento')
#4 /var/www/my_app/lib/Cake/Controller/Controller.php(486): ReflectionMethod->invokeArgs(Object(PagesController), Array)
#5 /var/www/my_app/lib/Cake/Routing/Dispatcher.php(187): Controller->invokeAction(Object(CakeRequest))
#6 /var/www/my_app/lib/Cake/Routing/Dispatcher.php(162): Dispatcher->_invoke(Object(PagesController), Object(CakeRequest), Object(CakeResponse))
#7 /var/www/my_app/app/webroot/index.php(109): Dispatcher->dispatch(Object(CakeRequest), Object(CakeResponse))
#8 {main}
2013-06-17 09:36:47 Error: [MissingControllerException] Controller class EventoController could not be found.
Exception Attributes: array (
  'class' => 'EventoController',
  'plugin' => NULL,
)
Request URL: /evento
Stack Trace:
#0 /var/www/my_app/app/webroot/index.php(109): Dispatcher->dispatch(Object(CakeRequest), Object(CakeResponse))
#1 {main}
2013-06-17 09:36:50 Error: [MissingControllerException] Controller class EventoController could not be found.
Exception Attributes: array (
  'class' => 'EventoController',
  'plugin' => NULL,
)
Request URL: /evento
Stack Trace:
#0 /var/www/my_app/app/webroot/index.php(109): Dispatcher->dispatch(Object(CakeRequest), Object(CakeResponse))
#1 {main}
2013-06-17 09:36:52 Error: [MissingControllerException] Controller class EventoController could not be found.
Exception Attributes: array (
  'class' => 'EventoController',
  'plugin' => NULL,
)
Request URL: /evento
Stack Trace:
#0 /var/www/my_app/app/webroot/index.php(109): Dispatcher->dispatch(Object(CakeRequest), Object(CakeResponse))
#1 {main}
2013-06-17 09:36:53 Error: [MissingControllerException] Controller class EventoController could not be found.
Exception Attributes: array (
  'class' => 'EventoController',
  'plugin' => NULL,
)
Request URL: /evento
Stack Trace:
#0 /var/www/my_app/app/webroot/index.php(109): Dispatcher->dispatch(Object(CakeRequest), Object(CakeResponse))
#1 {main}
2013-06-17 09:36:53 Error: [MissingControllerException] Controller class EventoController could not be found.
Exception Attributes: array (
  'class' => 'EventoController',
  'plugin' => NULL,
)
Request URL: /evento
Stack Trace:
#0 /var/www/my_app/app/webroot/index.php(109): Dispatcher->dispatch(Object(CakeRequest), Object(CakeResponse))
#1 {main}
2013-06-17 09:37:12 Error: [MissingControllerException] Controller class EventoController could not be found.
Exception Attributes: array (
  'class' => 'EventoController',
  'plugin' => NULL,
)
Request URL: /evento
Stack Trace:
#0 /var/www/my_app/app/webroot/index.php(109): Dispatcher->dispatch(Object(CakeRequest), Object(CakeResponse))
#1 {main}
2013-06-17 09:37:15 Error: [MissingControllerException] Controller class EventoController could not be found.
Exception Attributes: array (
  'class' => 'EventoController',
  'plugin' => NULL,
)
Request URL: /evento
Stack Trace:
#0 /var/www/my_app/app/webroot/index.php(109): Dispatcher->dispatch(Object(CakeRequest), Object(CakeResponse))
#1 {main}
2013-06-17 09:37:18 Error: [MissingControllerException] Controller class EventoController could not be found.
Exception Attributes: array (
  'class' => 'EventoController',
  'plugin' => NULL,
)
Request URL: /evento
Stack Trace:
#0 /var/www/my_app/app/webroot/index.php(109): Dispatcher->dispatch(Object(CakeRequest), Object(CakeResponse))
#1 {main}
2013-06-17 09:37:39 Error: [MissingControllerException] Controller class EventoController could not be found.
Exception Attributes: array (
  'class' => 'EventoController',
  'plugin' => NULL,
)
Request URL: /evento
Stack Trace:
#0 /var/www/my_app/app/webroot/index.php(109): Dispatcher->dispatch(Object(CakeRequest), Object(CakeResponse))
#1 {main}
2013-06-17 09:37:40 Error: [MissingControllerException] Controller class EventoController could not be found.
Exception Attributes: array (
  'class' => 'EventoController',
  'plugin' => NULL,
)
Request URL: /evento
Stack Trace:
#0 /var/www/my_app/app/webroot/index.php(109): Dispatcher->dispatch(Object(CakeRequest), Object(CakeResponse))
#1 {main}
2013-06-17 09:37:41 Error: [MissingControllerException] Controller class EventoController could not be found.
Exception Attributes: array (
  'class' => 'EventoController',
  'plugin' => NULL,
)
Request URL: /evento
Stack Trace:
#0 /var/www/my_app/app/webroot/index.php(109): Dispatcher->dispatch(Object(CakeRequest), Object(CakeResponse))
#1 {main}
2013-06-17 09:37:44 Error: [MissingControllerException] Controller class EventoController could not be found.
Exception Attributes: array (
  'class' => 'EventoController',
  'plugin' => NULL,
)
Request URL: /evento
Stack Trace:
#0 /var/www/my_app/app/webroot/index.php(109): Dispatcher->dispatch(Object(CakeRequest), Object(CakeResponse))
#1 {main}
2013-06-17 09:38:22 Error: [MissingControllerException] Controller class SobreController could not be found.
Exception Attributes: array (
  'class' => 'SobreController',
  'plugin' => NULL,
)
Request URL: /sobre
Stack Trace:
#0 /var/www/my_app/app/webroot/index.php(109): Dispatcher->dispatch(Object(CakeRequest), Object(CakeResponse))
#1 {main}
2013-06-17 09:38:25 Error: [MissingControllerException] Controller class SobreController could not be found.
Exception Attributes: array (
  'class' => 'SobreController',
  'plugin' => NULL,
)
Request URL: /sobre
Stack Trace:
#0 /var/www/my_app/app/webroot/index.php(109): Dispatcher->dispatch(Object(CakeRequest), Object(CakeResponse))
#1 {main}
2013-06-17 09:49:58 Error: [MissingControllerException] Controller class EventoController could not be found.
Exception Attributes: array (
  'class' => 'EventoController',
  'plugin' => NULL,
)
Request URL: /evento
Stack Trace:
#0 /var/www/my_app/app/webroot/index.php(109): Dispatcher->dispatch(Object(CakeRequest), Object(CakeResponse))
#1 {main}
2013-06-17 10:10:06 Error: [MissingControllerException] Controller class EventoController could not be found.
Exception Attributes: array (
  'class' => 'EventoController',
  'plugin' => NULL,
)
Request URL: /evento
Stack Trace:
#0 /var/www/my_app/app/webroot/index.php(109): Dispatcher->dispatch(Object(CakeRequest), Object(CakeResponse))
#1 {main}
2013-06-17 10:22:40 Error: [MissingControllerException] Controller class EventoController could not be found.
Exception Attributes: array (
  'class' => 'EventoController',
  'plugin' => NULL,
)
Request URL: /evento
Stack Trace:
#0 /var/www/my_app/app/webroot/index.php(109): Dispatcher->dispatch(Object(CakeRequest), Object(CakeResponse))
#1 {main}
2013-06-17 10:26:53 Error: [MissingControllerException] Controller class HomeController could not be found.
Exception Attributes: array (
  'class' => 'HomeController',
  'plugin' => NULL,
)
Request URL: /home
Stack Trace:
#0 /var/www/my_app/app/webroot/index.php(109): Dispatcher->dispatch(Object(CakeRequest), Object(CakeResponse))
#1 {main}
2013-06-17 10:26:56 Error: [MissingControllerException] Controller class HomeController could not be found.
Exception Attributes: array (
  'class' => 'HomeController',
  'plugin' => NULL,
)
Request URL: /home
Stack Trace:
#0 /var/www/my_app/app/webroot/index.php(109): Dispatcher->dispatch(Object(CakeRequest), Object(CakeResponse))
#1 {main}
2013-06-17 10:27:04 Error: [MissingControllerException] Controller class HomeController could not be found.
Exception Attributes: array (
  'class' => 'HomeController',
  'plugin' => NULL,
)
Request URL: /home
Stack Trace:
#0 /var/www/my_app/app/webroot/index.php(109): Dispatcher->dispatch(Object(CakeRequest), Object(CakeResponse))
#1 {main}
2013-06-17 10:27:06 Error: [MissingControllerException] Controller class IndexController could not be found.
Exception Attributes: array (
  'class' => 'IndexController',
  'plugin' => NULL,
)
Request URL: /index
Stack Trace:
#0 /var/www/my_app/app/webroot/index.php(109): Dispatcher->dispatch(Object(CakeRequest), Object(CakeResponse))
#1 {main}
2013-06-17 10:27:11 Error: [MissingControllerException] Controller class IndexController could not be found.
Exception Attributes: array (
  'class' => 'IndexController',
  'plugin' => NULL,
)
Request URL: /index
Stack Trace:
#0 /var/www/my_app/app/webroot/index.php(109): Dispatcher->dispatch(Object(CakeRequest), Object(CakeResponse))
#1 {main}
2013-06-17 10:27:17 Error: [MissingControllerException] Controller class IndexController could not be found.
Exception Attributes: array (
  'class' => 'IndexController',
  'plugin' => NULL,
)
Request URL: /index
Stack Trace:
#0 /var/www/my_app/app/webroot/index.php(109): Dispatcher->dispatch(Object(CakeRequest), Object(CakeResponse))
#1 {main}
2013-06-24 07:11:14 Error: [MissingControllerException] Controller class SobreController could not be found.
Exception Attributes: array (
  'class' => 'SobreController',
  'plugin' => NULL,
)
Request URL: /sobre/display
Stack Trace:
#0 /var/www/my_app/app/webroot/index.php(109): Dispatcher->dispatch(Object(CakeRequest), Object(CakeResponse))
#1 {main}
2013-06-24 07:12:04 Error: [MissingControllerException] Controller class SobreController could not be found.
Exception Attributes: array (
  'class' => 'SobreController',
  'plugin' => NULL,
)
Request URL: /sobre/display
Stack Trace:
#0 /var/www/my_app/app/webroot/index.php(109): Dispatcher->dispatch(Object(CakeRequest), Object(CakeResponse))
#1 {main}
2013-06-24 07:13:29 Error: [MissingViewException] View file "/var/www/my_app/app/View/Pages/sobre.ctp" is missing.
Exception Attributes: array (
  'file' => '/var/www/my_app/app/View/Pages/sobre.ctp',
)
Request URL: /pag/sobre
Stack Trace:
#0 /var/www/my_app/lib/Cake/View/View.php(468): View->_getViewFileName('sobre')
#1 /var/www/my_app/lib/Cake/Controller/Controller.php(948): View->render('sobre', NULL)
#2 /var/www/my_app/app/Controller/PagesController.php(73): Controller->render('sobre')
#3 [internal function]: PagesController->display('sobre')
#4 /var/www/my_app/lib/Cake/Controller/Controller.php(486): ReflectionMethod->invokeArgs(Object(PagesController), Array)
#5 /var/www/my_app/lib/Cake/Routing/Dispatcher.php(187): Controller->invokeAction(Object(CakeRequest))
#6 /var/www/my_app/lib/Cake/Routing/Dispatcher.php(162): Dispatcher->_invoke(Object(PagesController), Object(CakeRequest), Object(CakeResponse))
#7 /var/www/my_app/app/webroot/index.php(109): Dispatcher->dispatch(Object(CakeRequest), Object(CakeResponse))
#8 {main}
2013-06-24 07:13:43 Error: [MissingViewException] View file "/var/www/my_app/app/View/Pages/display/sobre.ctp" is missing.
Exception Attributes: array (
  'file' => '/var/www/my_app/app/View/Pages/display/sobre.ctp',
)
Request URL: /pag/display/sobre
Stack Trace:
#0 /var/www/my_app/lib/Cake/View/View.php(468): View->_getViewFileName('display/sobre')
#1 /var/www/my_app/lib/Cake/Controller/Controller.php(948): View->render('display/sobre', NULL)
#2 /var/www/my_app/app/Controller/PagesController.php(73): Controller->render('display/sobre')
#3 [internal function]: PagesController->display('display', 'sobre')
#4 /var/www/my_app/lib/Cake/Controller/Controller.php(486): ReflectionMethod->invokeArgs(Object(PagesController), Array)
#5 /var/www/my_app/lib/Cake/Routing/Dispatcher.php(187): Controller->invokeAction(Object(CakeRequest))
#6 /var/www/my_app/lib/Cake/Routing/Dispatcher.php(162): Dispatcher->_invoke(Object(PagesController), Object(CakeRequest), Object(CakeResponse))
#7 /var/www/my_app/app/webroot/index.php(109): Dispatcher->dispatch(Object(CakeRequest), Object(CakeResponse))
#8 {main}
2013-06-24 07:14:54 Error: [MissingActionException] Action PagesController::sobre() could not be found.
Exception Attributes: array (
  'controller' => 'PagesController',
  'action' => 'sobre',
)
Request URL: /pages/sobre
Stack Trace:
#0 /var/www/my_app/lib/Cake/Routing/Dispatcher.php(187): Controller->invokeAction(Object(CakeRequest))
#1 /var/www/my_app/lib/Cake/Routing/Dispatcher.php(162): Dispatcher->_invoke(Object(PagesController), Object(CakeRequest), Object(CakeResponse))
#2 /var/www/my_app/app/webroot/index.php(109): Dispatcher->dispatch(Object(CakeRequest), Object(CakeResponse))
#3 {main}
2013-06-24 07:15:00 Error: [MissingActionException] Action PagesController::sobre() could not be found.
Exception Attributes: array (
  'controller' => 'PagesController',
  'action' => 'sobre',
)
Request URL: /pages/sobre
Stack Trace:
#0 /var/www/my_app/lib/Cake/Routing/Dispatcher.php(187): Controller->invokeAction(Object(CakeRequest))
#1 /var/www/my_app/lib/Cake/Routing/Dispatcher.php(162): Dispatcher->_invoke(Object(PagesController), Object(CakeRequest), Object(CakeResponse))
#2 /var/www/my_app/app/webroot/index.php(109): Dispatcher->dispatch(Object(CakeRequest), Object(CakeResponse))
#3 {main}
2013-06-24 07:15:22 Error: [MissingViewException] View file "/var/www/my_app/app/View/Pages/sobre.ctp" is missing.
Exception Attributes: array (
  'file' => '/var/www/my_app/app/View/Pages/sobre.ctp',
)
Request URL: /pag/sobre
Stack Trace:
#0 /var/www/my_app/lib/Cake/View/View.php(468): View->_getViewFileName('sobre')
#1 /var/www/my_app/lib/Cake/Controller/Controller.php(948): View->render('sobre', NULL)
#2 /var/www/my_app/app/Controller/PagesController.php(73): Controller->render('sobre')
#3 [internal function]: PagesController->display('sobre')
#4 /var/www/my_app/lib/Cake/Controller/Controller.php(486): ReflectionMethod->invokeArgs(Object(PagesController), Array)
#5 /var/www/my_app/lib/Cake/Routing/Dispatcher.php(187): Controller->invokeAction(Object(CakeRequest))
#6 /var/www/my_app/lib/Cake/Routing/Dispatcher.php(162): Dispatcher->_invoke(Object(PagesController), Object(CakeRequest), Object(CakeResponse))
#7 /var/www/my_app/app/webroot/index.php(109): Dispatcher->dispatch(Object(CakeRequest), Object(CakeResponse))
#8 {main}
2013-06-24 07:15:40 Error: [MissingViewException] View file "/var/www/my_app/app/View/Pages/sobre.ctp" is missing.
Exception Attributes: array (
  'file' => '/var/www/my_app/app/View/Pages/sobre.ctp',
)
Request URL: /pag/sobre
Stack Trace:
#0 /var/www/my_app/lib/Cake/View/View.php(468): View->_getViewFileName('sobre')
#1 /var/www/my_app/lib/Cake/Controller/Controller.php(948): View->render('sobre', NULL)
#2 /var/www/my_app/app/Controller/PagesController.php(73): Controller->render('sobre')
#3 [internal function]: PagesController->display('sobre')
#4 /var/www/my_app/lib/Cake/Controller/Controller.php(486): ReflectionMethod->invokeArgs(Object(PagesController), Array)
#5 /var/www/my_app/lib/Cake/Routing/Dispatcher.php(187): Controller->invokeAction(Object(CakeRequest))
#6 /var/www/my_app/lib/Cake/Routing/Dispatcher.php(162): Dispatcher->_invoke(Object(PagesController), Object(CakeRequest), Object(CakeResponse))
#7 /var/www/my_app/app/webroot/index.php(109): Dispatcher->dispatch(Object(CakeRequest), Object(CakeResponse))
#8 {main}
2013-06-24 07:19:09 Error: [MissingViewException] View file "/var/www/my_app/app/View/Pages/local.ctp" is missing.
Exception Attributes: array (
  'file' => '/var/www/my_app/app/View/Pages/local.ctp',
)
Request URL: /pagina/local
Stack Trace:
#0 /var/www/my_app/lib/Cake/View/View.php(468): View->_getViewFileName('local')
#1 /var/www/my_app/lib/Cake/Controller/Controller.php(948): View->render('local', NULL)
#2 /var/www/my_app/app/Controller/PagesController.php(73): Controller->render('local')
#3 [internal function]: PagesController->display('local')
#4 /var/www/my_app/lib/Cake/Controller/Controller.php(486): ReflectionMethod->invokeArgs(Object(PagesController), Array)
#5 /var/www/my_app/lib/Cake/Routing/Dispatcher.php(187): Controller->invokeAction(Object(CakeRequest))
#6 /var/www/my_app/lib/Cake/Routing/Dispatcher.php(162): Dispatcher->_invoke(Object(PagesController), Object(CakeRequest), Object(CakeResponse))
#7 /var/www/my_app/app/webroot/index.php(109): Dispatcher->dispatch(Object(CakeRequest), Object(CakeResponse))
#8 {main}
2013-06-24 07:19:13 Error: [MissingViewException] View file "/var/www/my_app/app/View/Pages/local.ctp" is missing.
Exception Attributes: array (
  'file' => '/var/www/my_app/app/View/Pages/local.ctp',
)
Request URL: /pagina/local
Stack Trace:
#0 /var/www/my_app/lib/Cake/View/View.php(468): View->_getViewFileName('local')
#1 /var/www/my_app/lib/Cake/Controller/Controller.php(948): View->render('local', NULL)
#2 /var/www/my_app/app/Controller/PagesController.php(73): Controller->render('local')
#3 [internal function]: PagesController->display('local')
#4 /var/www/my_app/lib/Cake/Controller/Controller.php(486): ReflectionMethod->invokeArgs(Object(PagesController), Array)
#5 /var/www/my_app/lib/Cake/Routing/Dispatcher.php(187): Controller->invokeAction(Object(CakeRequest))
#6 /var/www/my_app/lib/Cake/Routing/Dispatcher.php(162): Dispatcher->_invoke(Object(PagesController), Object(CakeRequest), Object(CakeResponse))
#7 /var/www/my_app/app/webroot/index.php(109): Dispatcher->dispatch(Object(CakeRequest), Object(CakeResponse))
#8 {main}
2013-06-24 07:19:19 Error: [MissingViewException] View file "/var/www/my_app/app/View/Pages/local.ctp" is missing.
Exception Attributes: array (
  'file' => '/var/www/my_app/app/View/Pages/local.ctp',
)
Request URL: /pagina/local
Stack Trace:
#0 /var/www/my_app/lib/Cake/View/View.php(468): View->_getViewFileName('local')
#1 /var/www/my_app/lib/Cake/Controller/Controller.php(948): View->render('local', NULL)
#2 /var/www/my_app/app/Controller/PagesController.php(73): Controller->render('local')
#3 [internal function]: PagesController->display('local')
#4 /var/www/my_app/lib/Cake/Controller/Controller.php(486): ReflectionMethod->invokeArgs(Object(PagesController), Array)
#5 /var/www/my_app/lib/Cake/Routing/Dispatcher.php(187): Controller->invokeAction(Object(CakeRequest))
#6 /var/www/my_app/lib/Cake/Routing/Dispatcher.php(162): Dispatcher->_invoke(Object(PagesController), Object(CakeRequest), Object(CakeResponse))
#7 /var/www/my_app/app/webroot/index.php(109): Dispatcher->dispatch(Object(CakeRequest), Object(CakeResponse))
#8 {main}
2013-06-24 07:38:26 Error: [MissingActionException] Action InscricoesController::index() could not be found.
Exception Attributes: array (
  'controller' => 'InscricoesController',
  'action' => 'index',
)
Request URL: /inscricoes
Stack Trace:
#0 /var/www/my_app/lib/Cake/Routing/Dispatcher.php(187): Controller->invokeAction(Object(CakeRequest))
#1 /var/www/my_app/lib/Cake/Routing/Dispatcher.php(162): Dispatcher->_invoke(Object(InscricoesController), Object(CakeRequest), Object(CakeResponse))
#2 /var/www/my_app/app/webroot/index.php(109): Dispatcher->dispatch(Object(CakeRequest), Object(CakeResponse))
#3 {main}
2013-06-24 07:39:00 Error: [MissingViewException] View file "/var/www/my_app/app/View/Inscricoes/inscrever.ctp" is missing.
Exception Attributes: array (
  'file' => '/var/www/my_app/app/View/Inscricoes/inscrever.ctp',
)
Request URL: /inscricoes/inscrever
Stack Trace:
#0 /var/www/my_app/lib/Cake/View/View.php(468): View->_getViewFileName(NULL)
#1 /var/www/my_app/lib/Cake/Controller/Controller.php(948): View->render(NULL, NULL)
#2 /var/www/my_app/lib/Cake/Routing/Dispatcher.php(194): Controller->render()
#3 /var/www/my_app/lib/Cake/Routing/Dispatcher.php(162): Dispatcher->_invoke(Object(InscricoesController), Object(CakeRequest), Object(CakeResponse))
#4 /var/www/my_app/app/webroot/index.php(109): Dispatcher->dispatch(Object(CakeRequest), Object(CakeResponse))
#5 {main}
2013-06-24 07:39:49 Error: [MissingActionException] Action InscricoesController::index() could not be found.
Exception Attributes: array (
  'controller' => 'InscricoesController',
  'action' => 'index',
)
Request URL: /inscricoes/
Stack Trace:
#0 /var/www/my_app/lib/Cake/Routing/Dispatcher.php(187): Controller->invokeAction(Object(CakeRequest))
#1 /var/www/my_app/lib/Cake/Routing/Dispatcher.php(162): Dispatcher->_invoke(Object(InscricoesController), Object(CakeRequest), Object(CakeResponse))
#2 /var/www/my_app/app/webroot/index.php(109): Dispatcher->dispatch(Object(CakeRequest), Object(CakeResponse))
#3 {main}
2013-06-24 07:42:05 Error: [MissingActionException] Action InscricoesController::index() could not be found.
Exception Attributes: array (
  'controller' => 'InscricoesController',
  'action' => 'index',
)
Request URL: /inscricoes
Stack Trace:
#0 /var/www/my_app/lib/Cake/Routing/Dispatcher.php(187): Controller->invokeAction(Object(CakeRequest))
#1 /var/www/my_app/lib/Cake/Routing/Dispatcher.php(162): Dispatcher->_invoke(Object(InscricoesController), Object(CakeRequest), Object(CakeResponse))
#2 /var/www/my_app/app/webroot/index.php(109): Dispatcher->dispatch(Object(CakeRequest), Object(CakeResponse))
#3 {main}
2013-06-24 07:43:26 Error: [MissingActionException] Action InscricoesController::display() could not be found.
Exception Attributes: array (
  'controller' => 'InscricoesController',
  'action' => 'display',
)
Request URL: /inscricao
Stack Trace:
#0 /var/www/my_app/lib/Cake/Routing/Dispatcher.php(187): Controller->invokeAction(Object(CakeRequest))
#1 /var/www/my_app/lib/Cake/Routing/Dispatcher.php(162): Dispatcher->_invoke(Object(InscricoesController), Object(CakeRequest), Object(CakeResponse))
#2 /var/www/my_app/app/webroot/index.php(109): Dispatcher->dispatch(Object(CakeRequest), Object(CakeResponse))
#3 {main}
2013-06-24 07:43:44 Error: [MissingActionException] Action InscricoesController::display() could not be found.
Exception Attributes: array (
  'controller' => 'InscricoesController',
  'action' => 'display',
)
Request URL: /inscricao
Stack Trace:
#0 /var/www/my_app/lib/Cake/Routing/Dispatcher.php(187): Controller->invokeAction(Object(CakeRequest))
#1 /var/www/my_app/lib/Cake/Routing/Dispatcher.php(162): Dispatcher->_invoke(Object(InscricoesController), Object(CakeRequest), Object(CakeResponse))
#2 /var/www/my_app/app/webroot/index.php(109): Dispatcher->dispatch(Object(CakeRequest), Object(CakeResponse))
#3 {main}
2013-06-24 07:43:45 Error: [MissingActionException] Action InscricoesController::display() could not be found.
Exception Attributes: array (
  'controller' => 'InscricoesController',
  'action' => 'display',
)
Request URL: /inscricao
Stack Trace:
#0 /var/www/my_app/lib/Cake/Routing/Dispatcher.php(187): Controller->invokeAction(Object(CakeRequest))
#1 /var/www/my_app/lib/Cake/Routing/Dispatcher.php(162): Dispatcher->_invoke(Object(InscricoesController), Object(CakeRequest), Object(CakeResponse))
#2 /var/www/my_app/app/webroot/index.php(109): Dispatcher->dispatch(Object(CakeRequest), Object(CakeResponse))
#3 {main}
2013-06-24 07:43:58 Error: [MissingActionException] Action InscricoesController::display() could not be found.
Exception Attributes: array (
  'controller' => 'InscricoesController',
  'action' => 'display',
)
Request URL: /inscricao
Stack Trace:
#0 /var/www/my_app/lib/Cake/Routing/Dispatcher.php(187): Controller->invokeAction(Object(CakeRequest))
#1 /var/www/my_app/lib/Cake/Routing/Dispatcher.php(162): Dispatcher->_invoke(Object(InscricoesController), Object(CakeRequest), Object(CakeResponse))
#2 /var/www/my_app/app/webroot/index.php(109): Dispatcher->dispatch(Object(CakeRequest), Object(CakeResponse))
#3 {main}
2013-06-24 07:45:24 Error: [MissingControllerException] Controller class InscricaoController could not be found.
Exception Attributes: array (
  'class' => 'InscricaoController',
  'plugin' => NULL,
)
Request URL: /inscricao/inscrever
Stack Trace:
#0 /var/www/my_app/app/webroot/index.php(109): Dispatcher->dispatch(Object(CakeRequest), Object(CakeResponse))
#1 {main}
2013-06-24 07:45:27 Error: [MissingControllerException] Controller class InscricaoController could not be found.
Exception Attributes: array (
  'class' => 'InscricaoController',
  'plugin' => NULL,
)
Request URL: /inscricao/inscrever
Stack Trace:
#0 /var/www/my_app/app/webroot/index.php(109): Dispatcher->dispatch(Object(CakeRequest), Object(CakeResponse))
#1 {main}
2013-06-24 07:45:30 Error: [MissingControllerException] Controller class InscricaoController could not be found.
Exception Attributes: array (
  'class' => 'InscricaoController',
  'plugin' => NULL,
)
Request URL: /inscricao/inscrever
Stack Trace:
#0 /var/www/my_app/app/webroot/index.php(109): Dispatcher->dispatch(Object(CakeRequest), Object(CakeResponse))
#1 {main}
2013-06-24 07:45:38 Error: [MissingControllerException] Controller class InscricaoController could not be found.
Exception Attributes: array (
  'class' => 'InscricaoController',
  'plugin' => NULL,
)
Request URL: /inscricao/inscrever
Stack Trace:
#0 /var/www/my_app/app/webroot/index.php(109): Dispatcher->dispatch(Object(CakeRequest), Object(CakeResponse))
#1 {main}
2013-06-24 07:46:01 Error: [MissingActionException] Action PagesController::sobre-o-evento() could not be found.
Exception Attributes: array (
  'controller' => 'PagesController',
  'action' => 'sobre-o-evento',
)
Request URL: /sobre
Stack Trace:
#0 /var/www/my_app/lib/Cake/Routing/Dispatcher.php(187): Controller->invokeAction(Object(CakeRequest))
#1 /var/www/my_app/lib/Cake/Routing/Dispatcher.php(162): Dispatcher->_invoke(Object(PagesController), Object(CakeRequest), Object(CakeResponse))
#2 /var/www/my_app/app/webroot/index.php(109): Dispatcher->dispatch(Object(CakeRequest), Object(CakeResponse))
#3 {main}
2013-06-24 07:46:03 Error: [MissingActionException] Action PagesController::sobre-o-evento() could not be found.
Exception Attributes: array (
  'controller' => 'PagesController',
  'action' => 'sobre-o-evento',
)
Request URL: /sobre
Stack Trace:
#0 /var/www/my_app/lib/Cake/Routing/Dispatcher.php(187): Controller->invokeAction(Object(CakeRequest))
#1 /var/www/my_app/lib/Cake/Routing/Dispatcher.php(162): Dispatcher->_invoke(Object(PagesController), Object(CakeRequest), Object(CakeResponse))
#2 /var/www/my_app/app/webroot/index.php(109): Dispatcher->dispatch(Object(CakeRequest), Object(CakeResponse))
#3 {main}
2013-06-24 07:46:06 Error: [MissingActionException] Action PagesController::como-chegar() could not be found.
Exception Attributes: array (
  'controller' => 'PagesController',
  'action' => 'como-chegar',
)
Request URL: /local
Stack Trace:
#0 /var/www/my_app/lib/Cake/Routing/Dispatcher.php(187): Controller->invokeAction(Object(CakeRequest))
#1 /var/www/my_app/lib/Cake/Routing/Dispatcher.php(162): Dispatcher->_invoke(Object(PagesController), Object(CakeRequest), Object(CakeResponse))
#2 /var/www/my_app/app/webroot/index.php(109): Dispatcher->dispatch(Object(CakeRequest), Object(CakeResponse))
#3 {main}
2013-06-24 07:46:11 Error: [MissingActionException] Action PagesController::como-chegar() could not be found.
Exception Attributes: array (
  'controller' => 'PagesController',
  'action' => 'como-chegar',
)
Request URL: /local
Stack Trace:
#0 /var/www/my_app/lib/Cake/Routing/Dispatcher.php(187): Controller->invokeAction(Object(CakeRequest))
#1 /var/www/my_app/lib/Cake/Routing/Dispatcher.php(162): Dispatcher->_invoke(Object(PagesController), Object(CakeRequest), Object(CakeResponse))
#2 /var/www/my_app/app/webroot/index.php(109): Dispatcher->dispatch(Object(CakeRequest), Object(CakeResponse))
#3 {main}
2013-06-24 07:46:12 Error: [MissingActionException] Action PagesController::sobre-o-evento() could not be found.
Exception Attributes: array (
  'controller' => 'PagesController',
  'action' => 'sobre-o-evento',
)
Request URL: /sobre
Stack Trace:
#0 /var/www/my_app/lib/Cake/Routing/Dispatcher.php(187): Controller->invokeAction(Object(CakeRequest))
#1 /var/www/my_app/lib/Cake/Routing/Dispatcher.php(162): Dispatcher->_invoke(Object(PagesController), Object(CakeRequest), Object(CakeResponse))
#2 /var/www/my_app/app/webroot/index.php(109): Dispatcher->dispatch(Object(CakeRequest), Object(CakeResponse))
#3 {main}
2013-06-24 07:46:14 Error: [MissingActionException] Action PagesController::como-chegar() could not be found.
Exception Attributes: array (
  'controller' => 'PagesController',
  'action' => 'como-chegar',
)
Request URL: /local
Stack Trace:
#0 /var/www/my_app/lib/Cake/Routing/Dispatcher.php(187): Controller->invokeAction(Object(CakeRequest))
#1 /var/www/my_app/lib/Cake/Routing/Dispatcher.php(162): Dispatcher->_invoke(Object(PagesController), Object(CakeRequest), Object(CakeResponse))
#2 /var/www/my_app/app/webroot/index.php(109): Dispatcher->dispatch(Object(CakeRequest), Object(CakeResponse))
#3 {main}
2013-06-24 07:46:15 Error: [MissingActionException] Action PagesController::sobre-o-evento() could not be found.
Exception Attributes: array (
  'controller' => 'PagesController',
  'action' => 'sobre-o-evento',
)
Request URL: /sobre
Stack Trace:
#0 /var/www/my_app/lib/Cake/Routing/Dispatcher.php(187): Controller->invokeAction(Object(CakeRequest))
#1 /var/www/my_app/lib/Cake/Routing/Dispatcher.php(162): Dispatcher->_invoke(Object(PagesController), Object(CakeRequest), Object(CakeResponse))
#2 /var/www/my_app/app/webroot/index.php(109): Dispatcher->dispatch(Object(CakeRequest), Object(CakeResponse))
#3 {main}
2013-06-24 07:46:15 Error: [MissingActionException] Action PagesController::como-chegar() could not be found.
Exception Attributes: array (
  'controller' => 'PagesController',
  'action' => 'como-chegar',
)
Request URL: /local
Stack Trace:
#0 /var/www/my_app/lib/Cake/Routing/Dispatcher.php(187): Controller->invokeAction(Object(CakeRequest))
#1 /var/www/my_app/lib/Cake/Routing/Dispatcher.php(162): Dispatcher->_invoke(Object(PagesController), Object(CakeRequest), Object(CakeResponse))
#2 /var/www/my_app/app/webroot/index.php(109): Dispatcher->dispatch(Object(CakeRequest), Object(CakeResponse))
#3 {main}
2013-06-24 07:46:17 Error: [MissingActionException] Action PagesController::como-chegar() could not be found.
Exception Attributes: array (
  'controller' => 'PagesController',
  'action' => 'como-chegar',
)
Request URL: /local
Stack Trace:
#0 /var/www/my_app/lib/Cake/Routing/Dispatcher.php(187): Controller->invokeAction(Object(CakeRequest))
#1 /var/www/my_app/lib/Cake/Routing/Dispatcher.php(162): Dispatcher->_invoke(Object(PagesController), Object(CakeRequest), Object(CakeResponse))
#2 /var/www/my_app/app/webroot/index.php(109): Dispatcher->dispatch(Object(CakeRequest), Object(CakeResponse))
#3 {main}
2013-06-24 07:46:18 Error: [MissingActionException] Action PagesController::sobre-o-evento() could not be found.
Exception Attributes: array (
  'controller' => 'PagesController',
  'action' => 'sobre-o-evento',
)
Request URL: /sobre
Stack Trace:
#0 /var/www/my_app/lib/Cake/Routing/Dispatcher.php(187): Controller->invokeAction(Object(CakeRequest))
#1 /var/www/my_app/lib/Cake/Routing/Dispatcher.php(162): Dispatcher->_invoke(Object(PagesController), Object(CakeRequest), Object(CakeResponse))
#2 /var/www/my_app/app/webroot/index.php(109): Dispatcher->dispatch(Object(CakeRequest), Object(CakeResponse))
#3 {main}
2013-06-24 07:46:19 Error: [MissingActionException] Action PagesController::sobre-o-evento() could not be found.
Exception Attributes: array (
  'controller' => 'PagesController',
  'action' => 'sobre-o-evento',
)
Request URL: /sobre
Stack Trace:
#0 /var/www/my_app/lib/Cake/Routing/Dispatcher.php(187): Controller->invokeAction(Object(CakeRequest))
#1 /var/www/my_app/lib/Cake/Routing/Dispatcher.php(162): Dispatcher->_invoke(Object(PagesController), Object(CakeRequest), Object(CakeResponse))
#2 /var/www/my_app/app/webroot/index.php(109): Dispatcher->dispatch(Object(CakeRequest), Object(CakeResponse))
#3 {main}
2013-06-24 07:46:20 Error: [MissingActionException] Action PagesController::como-chegar() could not be found.
Exception Attributes: array (
  'controller' => 'PagesController',
  'action' => 'como-chegar',
)
Request URL: /local
Stack Trace:
#0 /var/www/my_app/lib/Cake/Routing/Dispatcher.php(187): Controller->invokeAction(Object(CakeRequest))
#1 /var/www/my_app/lib/Cake/Routing/Dispatcher.php(162): Dispatcher->_invoke(Object(PagesController), Object(CakeRequest), Object(CakeResponse))
#2 /var/www/my_app/app/webroot/index.php(109): Dispatcher->dispatch(Object(CakeRequest), Object(CakeResponse))
#3 {main}
2013-06-24 07:46:23 Error: [MissingActionException] Action PagesController::como-chegar() could not be found.
Exception Attributes: array (
  'controller' => 'PagesController',
  'action' => 'como-chegar',
)
Request URL: /local
Stack Trace:
#0 /var/www/my_app/lib/Cake/Routing/Dispatcher.php(187): Controller->invokeAction(Object(CakeRequest))
#1 /var/www/my_app/lib/Cake/Routing/Dispatcher.php(162): Dispatcher->_invoke(Object(PagesController), Object(CakeRequest), Object(CakeResponse))
#2 /var/www/my_app/app/webroot/index.php(109): Dispatcher->dispatch(Object(CakeRequest), Object(CakeResponse))
#3 {main}
2013-06-24 07:46:24 Error: [MissingActionException] Action PagesController::sobre-o-evento() could not be found.
Exception Attributes: array (
  'controller' => 'PagesController',
  'action' => 'sobre-o-evento',
)
Request URL: /sobre
Stack Trace:
#0 /var/www/my_app/lib/Cake/Routing/Dispatcher.php(187): Controller->invokeAction(Object(CakeRequest))
#1 /var/www/my_app/lib/Cake/Routing/Dispatcher.php(162): Dispatcher->_invoke(Object(PagesController), Object(CakeRequest), Object(CakeResponse))
#2 /var/www/my_app/app/webroot/index.php(109): Dispatcher->dispatch(Object(CakeRequest), Object(CakeResponse))
#3 {main}
2013-06-24 07:46:24 Error: [MissingActionException] Action PagesController::como-chegar() could not be found.
Exception Attributes: array (
  'controller' => 'PagesController',
  'action' => 'como-chegar',
)
Request URL: /local
Stack Trace:
#0 /var/www/my_app/lib/Cake/Routing/Dispatcher.php(187): Controller->invokeAction(Object(CakeRequest))
#1 /var/www/my_app/lib/Cake/Routing/Dispatcher.php(162): Dispatcher->_invoke(Object(PagesController), Object(CakeRequest), Object(CakeResponse))
#2 /var/www/my_app/app/webroot/index.php(109): Dispatcher->dispatch(Object(CakeRequest), Object(CakeResponse))
#3 {main}
2013-06-24 07:48:32 Error: [MissingActionException] Action PagesController::sobre-o-evento() could not be found.
Exception Attributes: array (
  'controller' => 'PagesController',
  'action' => 'sobre-o-evento',
)
Request URL: /sobre
Stack Trace:
#0 /var/www/my_app/lib/Cake/Routing/Dispatcher.php(187): Controller->invokeAction(Object(CakeRequest))
#1 /var/www/my_app/lib/Cake/Routing/Dispatcher.php(162): Dispatcher->_invoke(Object(PagesController), Object(CakeRequest), Object(CakeResponse))
#2 /var/www/my_app/app/webroot/index.php(109): Dispatcher->dispatch(Object(CakeRequest), Object(CakeResponse))
#3 {main}
2013-06-24 07:56:15 Error: Fatal Error (4): syntax error, unexpected 'array' (T_ARRAY) in [/var/www/my_app/app/View/Inscricoes/inscrever.ctp, line 3]
2013-06-24 07:56:15 Error: [FatalErrorException] syntax error, unexpected 'array' (T_ARRAY)
Request URL: /inscricao
Stack Trace:
#0 /var/www/my_app/lib/Cake/Error/ErrorHandler.php(184): ErrorHandler::handleFatalError(4, 'syntax error, u...', '/var/www/my_app...', 3)
#1 [internal function]: ErrorHandler::handleError(4, 'syntax error, u...', '/var/www/my_app...', 3, Array)
#2 /var/www/my_app/lib/Cake/Core/App.php(926): call_user_func('ErrorHandler::h...', 4, 'syntax error, u...', '/var/www/my_app...', 3, Array)
#3 /var/www/my_app/lib/Cake/Core/App.php(899): App::_checkFatalError()
#4 [internal function]: App::shutdown()
#5 {main}
2013-06-24 07:58:20 Error: [MissingControllerException] Controller class InscreversController could not be found.
Exception Attributes: array (
  'class' => 'InscreversController',
  'plugin' => NULL,
)
Request URL: /inscrevers/inscrever
Stack Trace:
#0 /var/www/my_app/app/webroot/index.php(109): Dispatcher->dispatch(Object(CakeRequest), Object(CakeResponse))
#1 {main}
2013-06-24 07:58:24 Error: [MissingControllerException] Controller class InscreversController could not be found.
Exception Attributes: array (
  'class' => 'InscreversController',
  'plugin' => NULL,
)
Request URL: /inscrevers/inscrever
Stack Trace:
#0 /var/www/my_app/app/webroot/index.php(109): Dispatcher->dispatch(Object(CakeRequest), Object(CakeResponse))
#1 {main}
2013-06-24 07:58:50 Error: [MissingControllerException] Controller class InscreversController could not be found.
Exception Attributes: array (
  'class' => 'InscreversController',
  'plugin' => NULL,
)
Request URL: /inscrevers/inscrever
Stack Trace:
#0 /var/www/my_app/app/webroot/index.php(109): Dispatcher->dispatch(Object(CakeRequest), Object(CakeResponse))
#1 {main}
2013-06-24 07:58:56 Error: [MissingControllerException] Controller class InscricaosController could not be found.
Exception Attributes: array (
  'class' => 'InscricaosController',
  'plugin' => NULL,
)
Request URL: /inscricaos/inscrever
Stack Trace:
#0 /var/www/my_app/app/webroot/index.php(109): Dispatcher->dispatch(Object(CakeRequest), Object(CakeResponse))
#1 {main}
2013-06-24 08:05:15 Error: Fatal Error (4): syntax error, unexpected ';' in [/var/www/my_app/app/Config/bootstrap.php, line 98]
2013-06-24 08:05:15 Error: [FatalErrorException] syntax error, unexpected ';'
Stack Trace:
#0 /var/www/my_app/lib/Cake/Error/ErrorHandler.php(184): ErrorHandler::handleFatalError(4, 'syntax error, u...', '/var/www/my_app...', 98)
#1 [internal function]: ErrorHandler::handleError(4, 'syntax error, u...', '/var/www/my_app...', 98, Array)
#2 /var/www/my_app/lib/Cake/Core/App.php(926): call_user_func('ErrorHandler::h...', 4, 'syntax error, u...', '/var/www/my_app...', 98, Array)
#3 /var/www/my_app/lib/Cake/Core/App.php(899): App::_checkFatalError()
#4 [internal function]: App::shutdown()
#5 {main}
2013-06-24 08:05:18 Error: Fatal Error (4): syntax error, unexpected ';' in [/var/www/my_app/app/Config/bootstrap.php, line 98]
2013-06-24 08:05:18 Error: [FatalErrorException] syntax error, unexpected ';'
Stack Trace:
#0 /var/www/my_app/lib/Cake/Error/ErrorHandler.php(184): ErrorHandler::handleFatalError(4, 'syntax error, u...', '/var/www/my_app...', 98)
#1 [internal function]: ErrorHandler::handleError(4, 'syntax error, u...', '/var/www/my_app...', 98, Array)
#2 /var/www/my_app/lib/Cake/Core/App.php(926): call_user_func('ErrorHandler::h...', 4, 'syntax error, u...', '/var/www/my_app...', 98, Array)
#3 /var/www/my_app/lib/Cake/Core/App.php(899): App::_checkFatalError()
#4 [internal function]: App::shutdown()
#5 {main}
2013-06-24 08:05:24 Error: Fatal Error (4): syntax error, unexpected ';' in [/var/www/my_app/app/Config/bootstrap.php, line 98]
2013-06-24 08:05:24 Error: [FatalErrorException] syntax error, unexpected ';'
Stack Trace:
#0 /var/www/my_app/lib/Cake/Error/ErrorHandler.php(184): ErrorHandler::handleFatalError(4, 'syntax error, u...', '/var/www/my_app...', 98)
#1 [internal function]: ErrorHandler::handleError(4, 'syntax error, u...', '/var/www/my_app...', 98, Array)
#2 /var/www/my_app/lib/Cake/Core/App.php(926): call_user_func('ErrorHandler::h...', 4, 'syntax error, u...', '/var/www/my_app...', 98, Array)
#3 /var/www/my_app/lib/Cake/Core/App.php(899): App::_checkFatalError()
#4 [internal function]: App::shutdown()
#5 {main}
2013-06-24 08:05:28 Error: Fatal Error (4): syntax error, unexpected ';' in [/var/www/my_app/app/Config/bootstrap.php, line 98]
2013-06-24 08:05:28 Error: [FatalErrorException] syntax error, unexpected ';'
Stack Trace:
#0 /var/www/my_app/lib/Cake/Error/ErrorHandler.php(184): ErrorHandler::handleFatalError(4, 'syntax error, u...', '/var/www/my_app...', 98)
#1 [internal function]: ErrorHandler::handleError(4, 'syntax error, u...', '/var/www/my_app...', 98, Array)
#2 /var/www/my_app/lib/Cake/Core/App.php(926): call_user_func('ErrorHandler::h...', 4, 'syntax error, u...', '/var/www/my_app...', 98, Array)
#3 /var/www/my_app/lib/Cake/Core/App.php(899): App::_checkFatalError()
#4 [internal function]: App::shutdown()
#5 {main}
2013-06-24 08:05:29 Error: Fatal Error (4): syntax error, unexpected ';' in [/var/www/my_app/app/Config/bootstrap.php, line 98]
2013-06-24 08:05:29 Error: [FatalErrorException] syntax error, unexpected ';'
Stack Trace:
#0 /var/www/my_app/lib/Cake/Error/ErrorHandler.php(184): ErrorHandler::handleFatalError(4, 'syntax error, u...', '/var/www/my_app...', 98)
#1 [internal function]: ErrorHandler::handleError(4, 'syntax error, u...', '/var/www/my_app...', 98, Array)
#2 /var/www/my_app/lib/Cake/Core/App.php(926): call_user_func('ErrorHandler::h...', 4, 'syntax error, u...', '/var/www/my_app...', 98, Array)
#3 /var/www/my_app/lib/Cake/Core/App.php(899): App::_checkFatalError()
#4 [internal function]: App::shutdown()
#5 {main}
2013-06-24 08:06:44 Error: [MissingActionException] Action InscricoesController::inscreverse() could not be found.
Exception Attributes: array (
  'controller' => 'InscricoesController',
  'action' => 'inscreverse',
)
Request URL: /inscricoes/inscreverse
Stack Trace:
#0 /var/www/my_app/lib/Cake/Routing/Dispatcher.php(187): Controller->invokeAction(Object(CakeRequest))
#1 /var/www/my_app/lib/Cake/Routing/Dispatcher.php(162): Dispatcher->_invoke(Object(InscricoesController), Object(CakeRequest), Object(CakeResponse))
#2 /var/www/my_app/app/webroot/index.php(109): Dispatcher->dispatch(Object(CakeRequest), Object(CakeResponse))
#3 {main}
2013-06-24 08:08:03 Error: [MissingActionException] Action InscricoesController::inscreverse() could not be found.
Exception Attributes: array (
  'controller' => 'InscricoesController',
  'action' => 'inscreverse',
)
Request URL: /inscricoes/inscreverse
Stack Trace:
#0 /var/www/my_app/lib/Cake/Routing/Dispatcher.php(187): Controller->invokeAction(Object(CakeRequest))
#1 /var/www/my_app/lib/Cake/Routing/Dispatcher.php(162): Dispatcher->_invoke(Object(InscricoesController), Object(CakeRequest), Object(CakeResponse))
#2 /var/www/my_app/app/webroot/index.php(109): Dispatcher->dispatch(Object(CakeRequest), Object(CakeResponse))
#3 {main}
2013-06-24 08:08:24 Error: [MissingActionException] Action InscricoesController::inscreverse() could not be found.
Exception Attributes: array (
  'controller' => 'InscricoesController',
  'action' => 'inscreverse',
)
Request URL: /inscricoes/inscreverse
Stack Trace:
#0 /var/www/my_app/lib/Cake/Routing/Dispatcher.php(187): Controller->invokeAction(Object(CakeRequest))
#1 /var/www/my_app/lib/Cake/Routing/Dispatcher.php(162): Dispatcher->_invoke(Object(InscricoesController), Object(CakeRequest), Object(CakeResponse))
#2 /var/www/my_app/app/webroot/index.php(109): Dispatcher->dispatch(Object(CakeRequest), Object(CakeResponse))
#3 {main}
2013-06-24 08:11:34 Error: [MissingActionException] Action InscricoesController::inscricao() could not be found.
Exception Attributes: array (
  'controller' => 'InscricoesController',
  'action' => 'inscricao',
)
Request URL: /inscricao
Stack Trace:
#0 /var/www/my_app/lib/Cake/Routing/Dispatcher.php(187): Controller->invokeAction(Object(CakeRequest))
#1 /var/www/my_app/lib/Cake/Routing/Dispatcher.php(162): Dispatcher->_invoke(Object(InscricoesController), Object(CakeRequest), Object(CakeResponse))
#2 /var/www/my_app/app/webroot/index.php(109): Dispatcher->dispatch(Object(CakeRequest), Object(CakeResponse))
#3 {main}
2013-06-24 08:11:47 Error: [MissingActionException] Action InscricoesController::display() could not be found.
Exception Attributes: array (
  'controller' => 'InscricoesController',
  'action' => 'display',
)
Request URL: /inscricoes/display/inscricao
Stack Trace:
#0 /var/www/my_app/lib/Cake/Routing/Dispatcher.php(187): Controller->invokeAction(Object(CakeRequest))
#1 /var/www/my_app/lib/Cake/Routing/Dispatcher.php(162): Dispatcher->_invoke(Object(InscricoesController), Object(CakeRequest), Object(CakeResponse))
#2 /var/www/my_app/app/webroot/index.php(109): Dispatcher->dispatch(Object(CakeRequest), Object(CakeResponse))
#3 {main}
2013-06-24 08:11:49 Error: [MissingActionException] Action InscricoesController::display() could not be found.
Exception Attributes: array (
  'controller' => 'InscricoesController',
  'action' => 'display',
)
Request URL: /inscricoes/display/inscricao
Stack Trace:
#0 /var/www/my_app/lib/Cake/Routing/Dispatcher.php(187): Controller->invokeAction(Object(CakeRequest))
#1 /var/www/my_app/lib/Cake/Routing/Dispatcher.php(162): Dispatcher->_invoke(Object(InscricoesController), Object(CakeRequest), Object(CakeResponse))
#2 /var/www/my_app/app/webroot/index.php(109): Dispatcher->dispatch(Object(CakeRequest), Object(CakeResponse))
#3 {main}
2013-06-24 08:12:03 Error: [MissingActionException] Action InscricoesController::display() could not be found.
Exception Attributes: array (
  'controller' => 'InscricoesController',
  'action' => 'display',
)
Request URL: /inscricoes/display/inscricao
Stack Trace:
#0 /var/www/my_app/lib/Cake/Routing/Dispatcher.php(187): Controller->invokeAction(Object(CakeRequest))
#1 /var/www/my_app/lib/Cake/Routing/Dispatcher.php(162): Dispatcher->_invoke(Object(InscricoesController), Object(CakeRequest), Object(CakeResponse))
#2 /var/www/my_app/app/webroot/index.php(109): Dispatcher->dispatch(Object(CakeRequest), Object(CakeResponse))
#3 {main}
2013-06-24 08:12:04 Error: [MissingActionException] Action InscricoesController::display() could not be found.
Exception Attributes: array (
  'controller' => 'InscricoesController',
  'action' => 'display',
)
Request URL: /inscricoes/display/inscricao
Stack Trace:
#0 /var/www/my_app/lib/Cake/Routing/Dispatcher.php(187): Controller->invokeAction(Object(CakeRequest))
#1 /var/www/my_app/lib/Cake/Routing/Dispatcher.php(162): Dispatcher->_invoke(Object(InscricoesController), Object(CakeRequest), Object(CakeResponse))
#2 /var/www/my_app/app/webroot/index.php(109): Dispatcher->dispatch(Object(CakeRequest), Object(CakeResponse))
#3 {main}
2013-06-24 08:12:24 Error: Fatal Error (4): syntax error, unexpected ''inscricao'' (T_CONSTANT_ENCAPSED_STRING), expecting ')' in [/var/www/my_app/app/View/Elements/menu.ctp, line 6]
2013-06-24 08:12:24 Error: [FatalErrorException] syntax error, unexpected ''inscricao'' (T_CONSTANT_ENCAPSED_STRING), expecting ')'
Request URL: /
Stack Trace:
#0 /var/www/my_app/lib/Cake/Error/ErrorHandler.php(184): ErrorHandler::handleFatalError(4, 'syntax error, u...', '/var/www/my_app...', 6)
#1 [internal function]: ErrorHandler::handleError(4, 'syntax error, u...', '/var/www/my_app...', 6, Array)
#2 /var/www/my_app/lib/Cake/Core/App.php(926): call_user_func('ErrorHandler::h...', 4, 'syntax error, u...', '/var/www/my_app...', 6, Array)
#3 /var/www/my_app/lib/Cake/Core/App.php(899): App::_checkFatalError()
#4 [internal function]: App::shutdown()
#5 {main}
2013-06-24 08:12:37 Error: [MissingActionException] Action InscricoesController::display() could not be found.
Exception Attributes: array (
  'controller' => 'InscricoesController',
  'action' => 'display',
)
Request URL: /inscricoes/display/inscricao
Stack Trace:
#0 /var/www/my_app/lib/Cake/Routing/Dispatcher.php(187): Controller->invokeAction(Object(CakeRequest))
#1 /var/www/my_app/lib/Cake/Routing/Dispatcher.php(162): Dispatcher->_invoke(Object(InscricoesController), Object(CakeRequest), Object(CakeResponse))
#2 /var/www/my_app/app/webroot/index.php(109): Dispatcher->dispatch(Object(CakeRequest), Object(CakeResponse))
#3 {main}
2013-06-24 08:12:41 Error: [MissingActionException] Action InscricoesController::display() could not be found.
Exception Attributes: array (
  'controller' => 'InscricoesController',
  'action' => 'display',
)
Request URL: /inscricoes/display/inscricao
Stack Trace:
#0 /var/www/my_app/lib/Cake/Routing/Dispatcher.php(187): Controller->invokeAction(Object(CakeRequest))
#1 /var/www/my_app/lib/Cake/Routing/Dispatcher.php(162): Dispatcher->_invoke(Object(InscricoesController), Object(CakeRequest), Object(CakeResponse))
#2 /var/www/my_app/app/webroot/index.php(109): Dispatcher->dispatch(Object(CakeRequest), Object(CakeResponse))
#3 {main}
2013-06-24 08:13:10 Error: [MissingActionException] Action InscricoesController::display() could not be found.
Exception Attributes: array (
  'controller' => 'InscricoesController',
  'action' => 'display',
)
Request URL: /inscricoes/display/inscricao
Stack Trace:
#0 /var/www/my_app/lib/Cake/Routing/Dispatcher.php(187): Controller->invokeAction(Object(CakeRequest))
#1 /var/www/my_app/lib/Cake/Routing/Dispatcher.php(162): Dispatcher->_invoke(Object(InscricoesController), Object(CakeRequest), Object(CakeResponse))
#2 /var/www/my_app/app/webroot/index.php(109): Dispatcher->dispatch(Object(CakeRequest), Object(CakeResponse))
#3 {main}
2013-06-24 08:52:01 Error: Fatal Error (4): syntax error, unexpected '?>', expecting function (T_FUNCTION) in [/var/www/my_app/app/Controller/InscricoesController.php, line 22]
2013-06-24 08:52:01 Error: [FatalErrorException] syntax error, unexpected '?>', expecting function (T_FUNCTION)
Request URL: /inscricao
Stack Trace:
#0 /var/www/my_app/lib/Cake/Error/ErrorHandler.php(184): ErrorHandler::handleFatalError(4, 'syntax error, u...', '/var/www/my_app...', 22)
#1 [internal function]: ErrorHandler::handleError(4, 'syntax error, u...', '/var/www/my_app...', 22, Array)
#2 /var/www/my_app/lib/Cake/Core/App.php(926): call_user_func('ErrorHandler::h...', 4, 'syntax error, u...', '/var/www/my_app...', 22, Array)
#3 /var/www/my_app/lib/Cake/Core/App.php(899): App::_checkFatalError()
#4 [internal function]: App::shutdown()
#5 {main}
2013-06-24 08:52:04 Error: Fatal Error (4): syntax error, unexpected '?>', expecting function (T_FUNCTION) in [/var/www/my_app/app/Controller/InscricoesController.php, line 22]
2013-06-24 08:52:04 Error: [FatalErrorException] syntax error, unexpected '?>', expecting function (T_FUNCTION)
Request URL: /inscricao
Stack Trace:
#0 /var/www/my_app/lib/Cake/Error/ErrorHandler.php(184): ErrorHandler::handleFatalError(4, 'syntax error, u...', '/var/www/my_app...', 22)
#1 [internal function]: ErrorHandler::handleError(4, 'syntax error, u...', '/var/www/my_app...', 22, Array)
#2 /var/www/my_app/lib/Cake/Core/App.php(926): call_user_func('ErrorHandler::h...', 4, 'syntax error, u...', '/var/www/my_app...', 22, Array)
#3 /var/www/my_app/lib/Cake/Core/App.php(899): App::_checkFatalError()
#4 [internal function]: App::shutdown()
#5 {main}
2013-06-24 08:52:04 Error: Fatal Error (4): syntax error, unexpected '?>', expecting function (T_FUNCTION) in [/var/www/my_app/app/Controller/InscricoesController.php, line 22]
2013-06-24 08:52:04 Error: [FatalErrorException] syntax error, unexpected '?>', expecting function (T_FUNCTION)
Request URL: /inscricao
Stack Trace:
#0 /var/www/my_app/lib/Cake/Error/ErrorHandler.php(184): ErrorHandler::handleFatalError(4, 'syntax error, u...', '/var/www/my_app...', 22)
#1 [internal function]: ErrorHandler::handleError(4, 'syntax error, u...', '/var/www/my_app...', 22, Array)
#2 /var/www/my_app/lib/Cake/Core/App.php(926): call_user_func('ErrorHandler::h...', 4, 'syntax error, u...', '/var/www/my_app...', 22, Array)
#3 /var/www/my_app/lib/Cake/Core/App.php(899): App::_checkFatalError()
#4 [internal function]: App::shutdown()
#5 {main}
2013-06-24 08:52:05 Error: Fatal Error (4): syntax error, unexpected '?>', expecting function (T_FUNCTION) in [/var/www/my_app/app/Controller/InscricoesController.php, line 22]
2013-06-24 08:52:05 Error: [FatalErrorException] syntax error, unexpected '?>', expecting function (T_FUNCTION)
Request URL: /inscricao
Stack Trace:
#0 /var/www/my_app/lib/Cake/Error/ErrorHandler.php(184): ErrorHandler::handleFatalError(4, 'syntax error, u...', '/var/www/my_app...', 22)
#1 [internal function]: ErrorHandler::handleError(4, 'syntax error, u...', '/var/www/my_app...', 22, Array)
#2 /var/www/my_app/lib/Cake/Core/App.php(926): call_user_func('ErrorHandler::h...', 4, 'syntax error, u...', '/var/www/my_app...', 22, Array)
#3 /var/www/my_app/lib/Cake/Core/App.php(899): App::_checkFatalError()
#4 [internal function]: App::shutdown()
#5 {main}
2013-06-24 08:52:06 Error: Fatal Error (4): syntax error, unexpected '?>', expecting function (T_FUNCTION) in [/var/www/my_app/app/Controller/InscricoesController.php, line 22]
2013-06-24 08:52:06 Error: [FatalErrorException] syntax error, unexpected '?>', expecting function (T_FUNCTION)
Request URL: /inscricao
Stack Trace:
#0 /var/www/my_app/lib/Cake/Error/ErrorHandler.php(184): ErrorHandler::handleFatalError(4, 'syntax error, u...', '/var/www/my_app...', 22)
#1 [internal function]: ErrorHandler::handleError(4, 'syntax error, u...', '/var/www/my_app...', 22, Array)
#2 /var/www/my_app/lib/Cake/Core/App.php(926): call_user_func('ErrorHandler::h...', 4, 'syntax error, u...', '/var/www/my_app...', 22, Array)
#3 /var/www/my_app/lib/Cake/Core/App.php(899): App::_checkFatalError()
#4 [internal function]: App::shutdown()
#5 {main}
2013-06-24 08:52:32 Error: Fatal Error (4): syntax error, unexpected '?>', expecting function (T_FUNCTION) in [/var/www/my_app/app/Controller/InscricoesController.php, line 21]
2013-06-24 08:52:32 Error: [FatalErrorException] syntax error, unexpected '?>', expecting function (T_FUNCTION)
Request URL: /inscricao
Stack Trace:
#0 /var/www/my_app/lib/Cake/Error/ErrorHandler.php(184): ErrorHandler::handleFatalError(4, 'syntax error, u...', '/var/www/my_app...', 21)
#1 [internal function]: ErrorHandler::handleError(4, 'syntax error, u...', '/var/www/my_app...', 21, Array)
#2 /var/www/my_app/lib/Cake/Core/App.php(926): call_user_func('ErrorHandler::h...', 4, 'syntax error, u...', '/var/www/my_app...', 21, Array)
#3 /var/www/my_app/lib/Cake/Core/App.php(899): App::_checkFatalError()
#4 [internal function]: App::shutdown()
#5 {main}
2013-06-24 08:52:35 Error: Fatal Error (4): syntax error, unexpected '?>', expecting function (T_FUNCTION) in [/var/www/my_app/app/Controller/InscricoesController.php, line 21]
2013-06-24 08:52:35 Error: [FatalErrorException] syntax error, unexpected '?>', expecting function (T_FUNCTION)
Request URL: /inscricao
Stack Trace:
#0 /var/www/my_app/lib/Cake/Error/ErrorHandler.php(184): ErrorHandler::handleFatalError(4, 'syntax error, u...', '/var/www/my_app...', 21)
#1 [internal function]: ErrorHandler::handleError(4, 'syntax error, u...', '/var/www/my_app...', 21, Array)
#2 /var/www/my_app/lib/Cake/Core/App.php(926): call_user_func('ErrorHandler::h...', 4, 'syntax error, u...', '/var/www/my_app...', 21, Array)
#3 /var/www/my_app/lib/Cake/Core/App.php(899): App::_checkFatalError()
#4 [internal function]: App::shutdown()
#5 {main}
2013-06-24 08:52:59 Error: Fatal Error (4): syntax error, unexpected '?>', expecting function (T_FUNCTION) in [/var/www/my_app/app/Controller/InscricoesController.php, line 20]
2013-06-24 08:52:59 Error: [FatalErrorException] syntax error, unexpected '?>', expecting function (T_FUNCTION)
Request URL: /inscricao
Stack Trace:
#0 /var/www/my_app/lib/Cake/Error/ErrorHandler.php(184): ErrorHandler::handleFatalError(4, 'syntax error, u...', '/var/www/my_app...', 20)
#1 [internal function]: ErrorHandler::handleError(4, 'syntax error, u...', '/var/www/my_app...', 20, Array)
#2 /var/www/my_app/lib/Cake/Core/App.php(926): call_user_func('ErrorHandler::h...', 4, 'syntax error, u...', '/var/www/my_app...', 20, Array)
#3 /var/www/my_app/lib/Cake/Core/App.php(899): App::_checkFatalError()
#4 [internal function]: App::shutdown()
#5 {main}
2013-06-24 08:53:17 Error: Fatal Error (4): syntax error, unexpected end of file, expecting function (T_FUNCTION) in [/var/www/my_app/app/Controller/InscricoesController.php, line 20]
2013-06-24 08:53:17 Error: [FatalErrorException] syntax error, unexpected end of file, expecting function (T_FUNCTION)
Request URL: /inscricao
Stack Trace:
#0 /var/www/my_app/lib/Cake/Error/ErrorHandler.php(184): ErrorHandler::handleFatalError(4, 'syntax error, u...', '/var/www/my_app...', 20)
#1 [internal function]: ErrorHandler::handleError(4, 'syntax error, u...', '/var/www/my_app...', 20, Array)
#2 /var/www/my_app/lib/Cake/Core/App.php(926): call_user_func('ErrorHandler::h...', 4, 'syntax error, u...', '/var/www/my_app...', 20, Array)
#3 /var/www/my_app/lib/Cake/Core/App.php(899): App::_checkFatalError()
#4 [internal function]: App::shutdown()
#5 {main}
2013-06-24 08:53:19 Error: Fatal Error (4): syntax error, unexpected end of file, expecting function (T_FUNCTION) in [/var/www/my_app/app/Controller/InscricoesController.php, line 20]
2013-06-24 08:53:19 Error: [FatalErrorException] syntax error, unexpected end of file, expecting function (T_FUNCTION)
Request URL: /inscricao
Stack Trace:
#0 /var/www/my_app/lib/Cake/Error/ErrorHandler.php(184): ErrorHandler::handleFatalError(4, 'syntax error, u...', '/var/www/my_app...', 20)
#1 [internal function]: ErrorHandler::handleError(4, 'syntax error, u...', '/var/www/my_app...', 20, Array)
#2 /var/www/my_app/lib/Cake/Core/App.php(926): call_user_func('ErrorHandler::h...', 4, 'syntax error, u...', '/var/www/my_app...', 20, Array)
#3 /var/www/my_app/lib/Cake/Core/App.php(899): App::_checkFatalError()
#4 [internal function]: App::shutdown()
#5 {main}
2013-06-24 08:53:20 Error: Fatal Error (4): syntax error, unexpected end of file, expecting function (T_FUNCTION) in [/var/www/my_app/app/Controller/InscricoesController.php, line 20]
2013-06-24 08:53:20 Error: [FatalErrorException] syntax error, unexpected end of file, expecting function (T_FUNCTION)
Request URL: /inscricao
Stack Trace:
#0 /var/www/my_app/lib/Cake/Error/ErrorHandler.php(184): ErrorHandler::handleFatalError(4, 'syntax error, u...', '/var/www/my_app...', 20)
#1 [internal function]: ErrorHandler::handleError(4, 'syntax error, u...', '/var/www/my_app...', 20, Array)
#2 /var/www/my_app/lib/Cake/Core/App.php(926): call_user_func('ErrorHandler::h...', 4, 'syntax error, u...', '/var/www/my_app...', 20, Array)
#3 /var/www/my_app/lib/Cake/Core/App.php(899): App::_checkFatalError()
#4 [internal function]: App::shutdown()
#5 {main}
2013-06-24 08:53:51 Error: Fatal Error (4): syntax error, unexpected '?>', expecting function (T_FUNCTION) in [/var/www/my_app/app/Controller/InscricoesController.php, line 20]
2013-06-24 08:53:51 Error: [FatalErrorException] syntax error, unexpected '?>', expecting function (T_FUNCTION)
Request URL: /inscricao
Stack Trace:
#0 /var/www/my_app/lib/Cake/Error/ErrorHandler.php(184): ErrorHandler::handleFatalError(4, 'syntax error, u...', '/var/www/my_app...', 20)
#1 [internal function]: ErrorHandler::handleError(4, 'syntax error, u...', '/var/www/my_app...', 20, Array)
#2 /var/www/my_app/lib/Cake/Core/App.php(926): call_user_func('ErrorHandler::h...', 4, 'syntax error, u...', '/var/www/my_app...', 20, Array)
#3 /var/www/my_app/lib/Cake/Core/App.php(899): App::_checkFatalError()
#4 [internal function]: App::shutdown()
#5 {main}
2013-06-24 08:53:53 Error: Fatal Error (4): syntax error, unexpected '?>', expecting function (T_FUNCTION) in [/var/www/my_app/app/Controller/InscricoesController.php, line 20]
2013-06-24 08:53:53 Error: [FatalErrorException] syntax error, unexpected '?>', expecting function (T_FUNCTION)
Request URL: /inscricao
Stack Trace:
#0 /var/www/my_app/lib/Cake/Error/ErrorHandler.php(184): ErrorHandler::handleFatalError(4, 'syntax error, u...', '/var/www/my_app...', 20)
#1 [internal function]: ErrorHandler::handleError(4, 'syntax error, u...', '/var/www/my_app...', 20, Array)
#2 /var/www/my_app/lib/Cake/Core/App.php(926): call_user_func('ErrorHandler::h...', 4, 'syntax error, u...', '/var/www/my_app...', 20, Array)
#3 /var/www/my_app/lib/Cake/Core/App.php(899): App::_checkFatalError()
#4 [internal function]: App::shutdown()
#5 {main}
2013-06-24 08:53:53 Error: Fatal Error (4): syntax error, unexpected '?>', expecting function (T_FUNCTION) in [/var/www/my_app/app/Controller/InscricoesController.php, line 20]
2013-06-24 08:53:53 Error: [FatalErrorException] syntax error, unexpected '?>', expecting function (T_FUNCTION)
Request URL: /inscricao
Stack Trace:
#0 /var/www/my_app/lib/Cake/Error/ErrorHandler.php(184): ErrorHandler::handleFatalError(4, 'syntax error, u...', '/var/www/my_app...', 20)
#1 [internal function]: ErrorHandler::handleError(4, 'syntax error, u...', '/var/www/my_app...', 20, Array)
#2 /var/www/my_app/lib/Cake/Core/App.php(926): call_user_func('ErrorHandler::h...', 4, 'syntax error, u...', '/var/www/my_app...', 20, Array)
#3 /var/www/my_app/lib/Cake/Core/App.php(899): App::_checkFatalError()
#4 [internal function]: App::shutdown()
#5 {main}
2013-06-24 08:53:53 Error: Fatal Error (4): syntax error, unexpected '?>', expecting function (T_FUNCTION) in [/var/www/my_app/app/Controller/InscricoesController.php, line 20]
2013-06-24 08:53:53 Error: [FatalErrorException] syntax error, unexpected '?>', expecting function (T_FUNCTION)
Request URL: /inscricao
Stack Trace:
#0 /var/www/my_app/lib/Cake/Error/ErrorHandler.php(184): ErrorHandler::handleFatalError(4, 'syntax error, u...', '/var/www/my_app...', 20)
#1 [internal function]: ErrorHandler::handleError(4, 'syntax error, u...', '/var/www/my_app...', 20, Array)
#2 /var/www/my_app/lib/Cake/Core/App.php(926): call_user_func('ErrorHandler::h...', 4, 'syntax error, u...', '/var/www/my_app...', 20, Array)
#3 /var/www/my_app/lib/Cake/Core/App.php(899): App::_checkFatalError()
#4 [internal function]: App::shutdown()
#5 {main}
2013-06-24 08:53:54 Error: Fatal Error (4): syntax error, unexpected '?>', expecting function (T_FUNCTION) in [/var/www/my_app/app/Controller/InscricoesController.php, line 20]
2013-06-24 08:53:54 Error: [FatalErrorException] syntax error, unexpected '?>', expecting function (T_FUNCTION)
Request URL: /inscricao
Stack Trace:
#0 /var/www/my_app/lib/Cake/Error/ErrorHandler.php(184): ErrorHandler::handleFatalError(4, 'syntax error, u...', '/var/www/my_app...', 20)
#1 [internal function]: ErrorHandler::handleError(4, 'syntax error, u...', '/var/www/my_app...', 20, Array)
#2 /var/www/my_app/lib/Cake/Core/App.php(926): call_user_func('ErrorHandler::h...', 4, 'syntax error, u...', '/var/www/my_app...', 20, Array)
#3 /var/www/my_app/lib/Cake/Core/App.php(899): App::_checkFatalError()
#4 [internal function]: App::shutdown()
#5 {main}
2013-06-24 08:54:45 Error: Fatal Error (4): syntax error, unexpected '?>', expecting function (T_FUNCTION) in [/var/www/my_app/app/Controller/InscricoesController.php, line 21]
2013-06-24 08:54:45 Error: [FatalErrorException] syntax error, unexpected '?>', expecting function (T_FUNCTION)
Request URL: /inscricao
Stack Trace:
#0 /var/www/my_app/lib/Cake/Error/ErrorHandler.php(184): ErrorHandler::handleFatalError(4, 'syntax error, u...', '/var/www/my_app...', 21)
#1 [internal function]: ErrorHandler::handleError(4, 'syntax error, u...', '/var/www/my_app...', 21, Array)
#2 /var/www/my_app/lib/Cake/Core/App.php(926): call_user_func('ErrorHandler::h...', 4, 'syntax error, u...', '/var/www/my_app...', 21, Array)
#3 /var/www/my_app/lib/Cake/Core/App.php(899): App::_checkFatalError()
#4 [internal function]: App::shutdown()
#5 {main}
2013-06-24 08:54:45 Error: Fatal Error (4): syntax error, unexpected '?>', expecting function (T_FUNCTION) in [/var/www/my_app/app/Controller/InscricoesController.php, line 21]
2013-06-24 08:54:45 Error: [FatalErrorException] syntax error, unexpected '?>', expecting function (T_FUNCTION)
Request URL: /inscricao
Stack Trace:
#0 /var/www/my_app/lib/Cake/Error/ErrorHandler.php(184): ErrorHandler::handleFatalError(4, 'syntax error, u...', '/var/www/my_app...', 21)
#1 [internal function]: ErrorHandler::handleError(4, 'syntax error, u...', '/var/www/my_app...', 21, Array)
#2 /var/www/my_app/lib/Cake/Core/App.php(926): call_user_func('ErrorHandler::h...', 4, 'syntax error, u...', '/var/www/my_app...', 21, Array)
#3 /var/www/my_app/lib/Cake/Core/App.php(899): App::_checkFatalError()
#4 [internal function]: App::shutdown()
#5 {main}
2013-06-24 08:54:48 Error: Fatal Error (4): syntax error, unexpected '?>', expecting function (T_FUNCTION) in [/var/www/my_app/app/Controller/InscricoesController.php, line 21]
2013-06-24 08:54:48 Error: [FatalErrorException] syntax error, unexpected '?>', expecting function (T_FUNCTION)
Request URL: /inscricao
Stack Trace:
#0 /var/www/my_app/lib/Cake/Error/ErrorHandler.php(184): ErrorHandler::handleFatalError(4, 'syntax error, u...', '/var/www/my_app...', 21)
#1 [internal function]: ErrorHandler::handleError(4, 'syntax error, u...', '/var/www/my_app...', 21, Array)
#2 /var/www/my_app/lib/Cake/Core/App.php(926): call_user_func('ErrorHandler::h...', 4, 'syntax error, u...', '/var/www/my_app...', 21, Array)
#3 /var/www/my_app/lib/Cake/Core/App.php(899): App::_checkFatalError()
#4 [internal function]: App::shutdown()
#5 {main}
2013-06-24 08:54:50 Error: Fatal Error (4): syntax error, unexpected '?>', expecting function (T_FUNCTION) in [/var/www/my_app/app/Controller/InscricoesController.php, line 21]
2013-06-24 08:54:50 Error: [FatalErrorException] syntax error, unexpected '?>', expecting function (T_FUNCTION)
Request URL: /inscricao
Stack Trace:
#0 /var/www/my_app/lib/Cake/Error/ErrorHandler.php(184): ErrorHandler::handleFatalError(4, 'syntax error, u...', '/var/www/my_app...', 21)
#1 [internal function]: ErrorHandler::handleError(4, 'syntax error, u...', '/var/www/my_app...', 21, Array)
#2 /var/www/my_app/lib/Cake/Core/App.php(926): call_user_func('ErrorHandler::h...', 4, 'syntax error, u...', '/var/www/my_app...', 21, Array)
#3 /var/www/my_app/lib/Cake/Core/App.php(899): App::_checkFatalError()
#4 [internal function]: App::shutdown()
#5 {main}
2013-06-24 08:56:59 Error: Fatal Error (4): syntax error, unexpected '?>', expecting function (T_FUNCTION) in [/var/www/my_app/app/Controller/InscricoesController.php, line 21]
2013-06-24 08:56:59 Error: [FatalErrorException] syntax error, unexpected '?>', expecting function (T_FUNCTION)
Request URL: /inscricao
Stack Trace:
#0 /var/www/my_app/lib/Cake/Error/ErrorHandler.php(184): ErrorHandler::handleFatalError(4, 'syntax error, u...', '/var/www/my_app...', 21)
#1 [internal function]: ErrorHandler::handleError(4, 'syntax error, u...', '/var/www/my_app...', 21, Array)
#2 /var/www/my_app/lib/Cake/Core/App.php(926): call_user_func('ErrorHandler::h...', 4, 'syntax error, u...', '/var/www/my_app...', 21, Array)
#3 /var/www/my_app/lib/Cake/Core/App.php(899): App::_checkFatalError()
#4 [internal function]: App::shutdown()
#5 {main}
2013-06-24 08:57:01 Error: Fatal Error (4): syntax error, unexpected '?>', expecting function (T_FUNCTION) in [/var/www/my_app/app/Controller/InscricoesController.php, line 21]
2013-06-24 08:57:01 Error: [FatalErrorException] syntax error, unexpected '?>', expecting function (T_FUNCTION)
Request URL: /inscricao
Stack Trace:
#0 /var/www/my_app/lib/Cake/Error/ErrorHandler.php(184): ErrorHandler::handleFatalError(4, 'syntax error, u...', '/var/www/my_app...', 21)
#1 [internal function]: ErrorHandler::handleError(4, 'syntax error, u...', '/var/www/my_app...', 21, Array)
#2 /var/www/my_app/lib/Cake/Core/App.php(926): call_user_func('ErrorHandler::h...', 4, 'syntax error, u...', '/var/www/my_app...', 21, Array)
#3 /var/www/my_app/lib/Cake/Core/App.php(899): App::_checkFatalError()
#4 [internal function]: App::shutdown()
#5 {main}
2013-06-24 09:00:48 Error: [MissingActionException] Action InscricoesController::obrigado() could not be found.
Exception Attributes: array (
  'controller' => 'InscricoesController',
  'action' => 'obrigado',
)
Request URL: /obrigado
Stack Trace:
#0 /var/www/my_app/lib/Cake/Routing/Dispatcher.php(187): Controller->invokeAction(Object(CakeRequest))
#1 /var/www/my_app/lib/Cake/Routing/Dispatcher.php(162): Dispatcher->_invoke(Object(InscricoesController), Object(CakeRequest), Object(CakeResponse))
#2 /var/www/my_app/app/webroot/index.php(109): Dispatcher->dispatch(Object(CakeRequest), Object(CakeResponse))
#3 {main}
2013-06-24 09:01:54 Error: [MissingActionException] Action InscricoesController::display() could not be found.
Exception Attributes: array (
  'controller' => 'InscricoesController',
  'action' => 'display',
)
Request URL: /obrigado
Stack Trace:
#0 /var/www/my_app/lib/Cake/Routing/Dispatcher.php(187): Controller->invokeAction(Object(CakeRequest))
#1 /var/www/my_app/lib/Cake/Routing/Dispatcher.php(162): Dispatcher->_invoke(Object(InscricoesController), Object(CakeRequest), Object(CakeResponse))
#2 /var/www/my_app/app/webroot/index.php(109): Dispatcher->dispatch(Object(CakeRequest), Object(CakeResponse))
#3 {main}
2013-06-24 09:02:09 Error: [MissingActionException] Action InscricoesController::display, obrigado() could not be found.
Exception Attributes: array (
  'controller' => 'InscricoesController',
  'action' => 'display, obrigado',
)
Request URL: /obrigado
Stack Trace:
#0 /var/www/my_app/lib/Cake/Routing/Dispatcher.php(187): Controller->invokeAction(Object(CakeRequest))
#1 /var/www/my_app/lib/Cake/Routing/Dispatcher.php(162): Dispatcher->_invoke(Object(InscricoesController), Object(CakeRequest), Object(CakeResponse))
#2 /var/www/my_app/app/webroot/index.php(109): Dispatcher->dispatch(Object(CakeRequest), Object(CakeResponse))
#3 {main}
2013-06-24 09:02:21 Error: [MissingActionException] Action InscricoesController::display() could not be found.
Exception Attributes: array (
  'controller' => 'InscricoesController',
  'action' => 'display',
)
Request URL: /obrigado
Stack Trace:
#0 /var/www/my_app/lib/Cake/Routing/Dispatcher.php(187): Controller->invokeAction(Object(CakeRequest))
#1 /var/www/my_app/lib/Cake/Routing/Dispatcher.php(162): Dispatcher->_invoke(Object(InscricoesController), Object(CakeRequest), Object(CakeResponse))
#2 /var/www/my_app/app/webroot/index.php(109): Dispatcher->dispatch(Object(CakeRequest), Object(CakeResponse))
#3 {main}
2013-06-24 09:02:22 Error: [MissingActionException] Action InscricoesController::display() could not be found.
Exception Attributes: array (
  'controller' => 'InscricoesController',
  'action' => 'display',
)
Request URL: /obrigado
Stack Trace:
#0 /var/www/my_app/lib/Cake/Routing/Dispatcher.php(187): Controller->invokeAction(Object(CakeRequest))
#1 /var/www/my_app/lib/Cake/Routing/Dispatcher.php(162): Dispatcher->_invoke(Object(InscricoesController), Object(CakeRequest), Object(CakeResponse))
#2 /var/www/my_app/app/webroot/index.php(109): Dispatcher->dispatch(Object(CakeRequest), Object(CakeResponse))
#3 {main}
2013-06-24 09:02:33 Error: [MissingActionException] Action InscricoesController::display() could not be found.
Exception Attributes: array (
  'controller' => 'InscricoesController',
  'action' => 'display',
)
Request URL: /obrigado
Stack Trace:
#0 /var/www/my_app/lib/Cake/Routing/Dispatcher.php(187): Controller->invokeAction(Object(CakeRequest))
#1 /var/www/my_app/lib/Cake/Routing/Dispatcher.php(162): Dispatcher->_invoke(Object(InscricoesController), Object(CakeRequest), Object(CakeResponse))
#2 /var/www/my_app/app/webroot/index.php(109): Dispatcher->dispatch(Object(CakeRequest), Object(CakeResponse))
#3 {main}
2013-06-24 09:03:00 Error: [MissingActionException] Action InscricoesController::display() could not be found.
Exception Attributes: array (
  'controller' => 'InscricoesController',
  'action' => 'display',
)
Request URL: /obrigado
Stack Trace:
#0 /var/www/my_app/lib/Cake/Routing/Dispatcher.php(187): Controller->invokeAction(Object(CakeRequest))
#1 /var/www/my_app/lib/Cake/Routing/Dispatcher.php(162): Dispatcher->_invoke(Object(InscricoesController), Object(CakeRequest), Object(CakeResponse))
#2 /var/www/my_app/app/webroot/index.php(109): Dispatcher->dispatch(Object(CakeRequest), Object(CakeResponse))
#3 {main}
2013-06-24 09:05:15 Error: [MissingActionException] Action InscricoesController::display() could not be found.
Exception Attributes: array (
  'controller' => 'InscricoesController',
  'action' => 'display',
)
Request URL: /inscricao
Stack Trace:
#0 /var/www/my_app/lib/Cake/Routing/Dispatcher.php(187): Controller->invokeAction(Object(CakeRequest))
#1 /var/www/my_app/lib/Cake/Routing/Dispatcher.php(162): Dispatcher->_invoke(Object(InscricoesController), Object(CakeRequest), Object(CakeResponse))
#2 /var/www/my_app/app/webroot/index.php(109): Dispatcher->dispatch(Object(CakeRequest), Object(CakeResponse))
#3 {main}
2013-06-24 09:05:16 Error: [MissingActionException] Action InscricoesController::display() could not be found.
Exception Attributes: array (
  'controller' => 'InscricoesController',
  'action' => 'display',
)
Request URL: /inscricao
Stack Trace:
#0 /var/www/my_app/lib/Cake/Routing/Dispatcher.php(187): Controller->invokeAction(Object(CakeRequest))
#1 /var/www/my_app/lib/Cake/Routing/Dispatcher.php(162): Dispatcher->_invoke(Object(InscricoesController), Object(CakeRequest), Object(CakeResponse))
#2 /var/www/my_app/app/webroot/index.php(109): Dispatcher->dispatch(Object(CakeRequest), Object(CakeResponse))
#3 {main}
2013-06-24 09:05:18 Error: [MissingActionException] Action InscricoesController::display() could not be found.
Exception Attributes: array (
  'controller' => 'InscricoesController',
  'action' => 'display',
)
Request URL: /inscricao
Stack Trace:
#0 /var/www/my_app/lib/Cake/Routing/Dispatcher.php(187): Controller->invokeAction(Object(CakeRequest))
#1 /var/www/my_app/lib/Cake/Routing/Dispatcher.php(162): Dispatcher->_invoke(Object(InscricoesController), Object(CakeRequest), Object(CakeResponse))
#2 /var/www/my_app/app/webroot/index.php(109): Dispatcher->dispatch(Object(CakeRequest), Object(CakeResponse))
#3 {main}
2013-06-24 09:05:20 Error: [MissingActionException] Action InscricoesController::display() could not be found.
Exception Attributes: array (
  'controller' => 'InscricoesController',
  'action' => 'display',
)
Request URL: /inscricao
Stack Trace:
#0 /var/www/my_app/lib/Cake/Routing/Dispatcher.php(187): Controller->invokeAction(Object(CakeRequest))
#1 /var/www/my_app/lib/Cake/Routing/Dispatcher.php(162): Dispatcher->_invoke(Object(InscricoesController), Object(CakeRequest), Object(CakeResponse))
#2 /var/www/my_app/app/webroot/index.php(109): Dispatcher->dispatch(Object(CakeRequest), Object(CakeResponse))
#3 {main}
2013-06-24 09:05:33 Error: [MissingActionException] Action InscricoesController::display() could not be found.
Exception Attributes: array (
  'controller' => 'InscricoesController',
  'action' => 'display',
)
Request URL: /inscricao
Stack Trace:
#0 /var/www/my_app/lib/Cake/Routing/Dispatcher.php(187): Controller->invokeAction(Object(CakeRequest))
#1 /var/www/my_app/lib/Cake/Routing/Dispatcher.php(162): Dispatcher->_invoke(Object(InscricoesController), Object(CakeRequest), Object(CakeResponse))
#2 /var/www/my_app/app/webroot/index.php(109): Dispatcher->dispatch(Object(CakeRequest), Object(CakeResponse))
#3 {main}
2013-06-24 09:05:41 Error: [MissingActionException] Action InscricoesController::obrigado() could not be found.
Exception Attributes: array (
  'controller' => 'InscricoesController',
  'action' => 'obrigado',
)
Request URL: /inscricoes/obrigado
Stack Trace:
#0 /var/www/my_app/lib/Cake/Routing/Dispatcher.php(187): Controller->invokeAction(Object(CakeRequest))
#1 /var/www/my_app/lib/Cake/Routing/Dispatcher.php(162): Dispatcher->_invoke(Object(InscricoesController), Object(CakeRequest), Object(CakeResponse))
#2 /var/www/my_app/app/webroot/index.php(109): Dispatcher->dispatch(Object(CakeRequest), Object(CakeResponse))
#3 {main}
2013-06-24 09:06:03 Error: [MissingActionException] Action InscricoesController::display() could not be found.
Exception Attributes: array (
  'controller' => 'InscricoesController',
  'action' => 'display',
)
Request URL: /obrigado
Stack Trace:
#0 /var/www/my_app/lib/Cake/Routing/Dispatcher.php(187): Controller->invokeAction(Object(CakeRequest))
#1 /var/www/my_app/lib/Cake/Routing/Dispatcher.php(162): Dispatcher->_invoke(Object(InscricoesController), Object(CakeRequest), Object(CakeResponse))
#2 /var/www/my_app/app/webroot/index.php(109): Dispatcher->dispatch(Object(CakeRequest), Object(CakeResponse))
#3 {main}
2013-06-24 09:06:47 Error: [MissingActionException] Action InscricoesController::obrigado() could not be found.
Exception Attributes: array (
  'controller' => 'InscricoesController',
  'action' => 'obrigado',
)
Request URL: /inscricoes/obrigado
Stack Trace:
#0 /var/www/my_app/lib/Cake/Routing/Dispatcher.php(187): Controller->invokeAction(Object(CakeRequest))
#1 /var/www/my_app/lib/Cake/Routing/Dispatcher.php(162): Dispatcher->_invoke(Object(InscricoesController), Object(CakeRequest), Object(CakeResponse))
#2 /var/www/my_app/app/webroot/index.php(109): Dispatcher->dispatch(Object(CakeRequest), Object(CakeResponse))
#3 {main}
2013-06-24 09:07:24 Error: [MissingActionException] Action InscricoesController::display() could not be found.
Exception Attributes: array (
  'controller' => 'InscricoesController',
  'action' => 'display',
)
Request URL: /obrigado
Stack Trace:
#0 /var/www/my_app/lib/Cake/Routing/Dispatcher.php(187): Controller->invokeAction(Object(CakeRequest))
#1 /var/www/my_app/lib/Cake/Routing/Dispatcher.php(162): Dispatcher->_invoke(Object(InscricoesController), Object(CakeRequest), Object(CakeResponse))
#2 /var/www/my_app/app/webroot/index.php(109): Dispatcher->dispatch(Object(CakeRequest), Object(CakeResponse))
#3 {main}
